# JRE version: OpenJDK Runtime Environment (17.0.11) (build 17.0.11+0--11852314)
# Java VM: OpenJDK 64-Bit Server VM (17.0.11+0--11852314, mixed mode, tiered, compressed oops, compressed class ptrs, g1 gc, windows-amd64)
GC Precious Log:
 CPUs: 12 total, 12 available
 Memory: 15724M
 Large Page Support: Disabled
 NUMA Support: Disabled
 Compressed Oops: Enabled (32-bit)
 Heap Region Size: 1M
 Heap Min Capacity: 8M
 Heap Initial Capacity: 246M
 Heap Max Capacity: 2G
 Pre-touch: Disabled
 Parallel Workers: 10
 Concurrent Workers: 3
 Concurrent Refinement Workers: 10
 Periodic GC: Disabled
Heap:
 garbage-first heap   total 471040K, used 302547K [0x0000000080000000, 0x0000000100000000)
  region size 1024K, 162 young (165888K), 21 survivors (21504K)
 Metaspace       used 129766K, committed 130752K, reserved 1179648K
  class space    used 17422K, committed 17920K, reserved 1048576K
GC Heap History (20 events):
Event: 17.037 GC heap before
{Heap before GC invocations=37 (full 0):
 garbage-first heap   total 203776K, used 170707K [0x0000000080000000, 0x0000000100000000)
  region size 1024K, 67 young (68608K), 9 survivors (9216K)
 Metaspace       used 108188K, committed 108928K, reserved 1179648K
  class space    used 14966K, committed 15296K, reserved 1048576K
}
Event: 17.042 GC heap after
{Heap after GC invocations=38 (full 0):
 garbage-first heap   total 203776K, used 109590K [0x0000000080000000, 0x0000000100000000)
  region size 1024K, 5 young (5120K), 5 survivors (5120K)
 Metaspace       used 108188K, committed 108928K, reserved 1179648K
  class space    used 14966K, committed 15296K, reserved 1048576K
}
Event: 17.337 GC heap before
{Heap before GC invocations=38 (full 0):
 garbage-first heap   total 203776K, used 135190K [0x0000000080000000, 0x0000000100000000)
  region size 1024K, 29 young (29696K), 5 survivors (5120K)
 Metaspace       used 109336K, committed 110016K, reserved 1179648K
  class space    used 15074K, committed 15424K, reserved 1048576K
}
Event: 17.341 GC heap after
{Heap after GC invocations=39 (full 0):
 garbage-first heap   total 203776K, used 116736K [0x0000000080000000, 0x0000000100000000)
  region size 1024K, 8 young (8192K), 8 survivors (8192K)
 Metaspace       used 109336K, committed 110016K, reserved 1179648K
  class space    used 15074K, committed 15424K, reserved 1048576K
}
Event: 17.800 GC heap before
{Heap before GC invocations=40 (full 0):
 garbage-first heap   total 203776K, used 169984K [0x0000000080000000, 0x0000000100000000)
  region size 1024K, 53 young (54272K), 8 survivors (8192K)
 Metaspace       used 110592K, committed 111296K, reserved 1179648K
  class space    used 15237K, committed 15552K, reserved 1048576K
}
Event: 17.809 GC heap after
{Heap after GC invocations=41 (full 0):
 garbage-first heap   total 203776K, used 132834K [0x0000000080000000, 0x0000000100000000)
  region size 1024K, 7 young (7168K), 7 survivors (7168K)
 Metaspace       used 110592K, committed 111296K, reserved 1179648K
  class space    used 15237K, committed 15552K, reserved 1048576K
}
Event: 17.816 GC heap before
{Heap before GC invocations=41 (full 0):
 garbage-first heap   total 203776K, used 134882K [0x0000000080000000, 0x0000000100000000)
  region size 1024K, 9 young (9216K), 7 survivors (7168K)
 Metaspace       used 110593K, committed 111296K, reserved 1179648K
  class space    used 15237K, committed 15552K, reserved 1048576K
}
Event: 17.821 GC heap after
{Heap after GC invocations=42 (full 0):
 garbage-first heap   total 203776K, used 132578K [0x0000000080000000, 0x0000000100000000)
  region size 1024K, 1 young (1024K), 1 survivors (1024K)
 Metaspace       used 110593K, committed 111296K, reserved 1179648K
  class space    used 15237K, committed 15552K, reserved 1048576K
}
Event: 18.062 GC heap before
{Heap before GC invocations=42 (full 0):
 garbage-first heap   total 203776K, used 164322K [0x0000000080000000, 0x0000000100000000)
  region size 1024K, 32 young (32768K), 1 survivors (1024K)
 Metaspace       used 112579K, committed 113344K, reserved 1179648K
  class space    used 15493K, committed 15872K, reserved 1048576K
}
Event: 18.064 GC heap after
{Heap after GC invocations=43 (full 0):
 garbage-first heap   total 203776K, used 134934K [0x0000000080000000, 0x0000000100000000)
  region size 1024K, 4 young (4096K), 4 survivors (4096K)
 Metaspace       used 112579K, committed 113344K, reserved 1179648K
  class space    used 15493K, committed 15872K, reserved 1048576K
}
Event: 18.375 GC heap before
{Heap before GC invocations=44 (full 0):
 garbage-first heap   total 235520K, used 179990K [0x0000000080000000, 0x0000000100000000)
  region size 1024K, 34 young (34816K), 4 survivors (4096K)
 Metaspace       used 113712K, committed 114496K, reserved 1179648K
  class space    used 15608K, committed 16000K, reserved 1048576K
}
Event: 18.379 GC heap after
{Heap after GC invocations=45 (full 0):
 garbage-first heap   total 235520K, used 135090K [0x0000000080000000, 0x0000000100000000)
  region size 1024K, 3 young (3072K), 3 survivors (3072K)
 Metaspace       used 113712K, committed 114496K, reserved 1179648K
  class space    used 15608K, committed 16000K, reserved 1048576K
}
Event: 18.438 GC heap before
{Heap before GC invocations=45 (full 0):
 garbage-first heap   total 235520K, used 142258K [0x0000000080000000, 0x0000000100000000)
  region size 1024K, 11 young (11264K), 3 survivors (3072K)
 Metaspace       used 114589K, committed 115328K, reserved 1179648K
  class space    used 15683K, committed 16064K, reserved 1048576K
}
Event: 18.442 GC heap after
{Heap after GC invocations=46 (full 0):
 garbage-first heap   total 235520K, used 133166K [0x0000000080000000, 0x0000000100000000)
  region size 1024K, 1 young (1024K), 1 survivors (1024K)
 Metaspace       used 114589K, committed 115328K, reserved 1179648K
  class space    used 15683K, committed 16064K, reserved 1048576K
}
Event: 18.708 GC heap before
{Heap before GC invocations=46 (full 0):
 garbage-first heap   total 235520K, used 186414K [0x0000000080000000, 0x0000000100000000)
  region size 1024K, 54 young (55296K), 1 survivors (1024K)
 Metaspace       used 116146K, committed 116928K, reserved 1179648K
  class space    used 15842K, committed 16256K, reserved 1048576K
}
Event: 18.714 GC heap after
{Heap after GC invocations=47 (full 0):
 garbage-first heap   total 471040K, used 141003K [0x0000000080000000, 0x0000000100000000)
  region size 1024K, 7 young (7168K), 7 survivors (7168K)
 Metaspace       used 116146K, committed 116928K, reserved 1179648K
  class space    used 15842K, committed 16256K, reserved 1048576K
}
Event: 23.053 GC heap before
{Heap before GC invocations=47 (full 0):
 garbage-first heap   total 471040K, used 366283K [0x0000000080000000, 0x0000000100000000)
  region size 1024K, 228 young (233472K), 7 survivors (7168K)
 Metaspace       used 121432K, committed 122304K, reserved 1179648K
  class space    used 16414K, committed 16832K, reserved 1048576K
}
Event: 23.064 GC heap after
{Heap after GC invocations=48 (full 0):
 garbage-first heap   total 471040K, used 150960K [0x0000000080000000, 0x0000000100000000)
  region size 1024K, 17 young (17408K), 17 survivors (17408K)
 Metaspace       used 121432K, committed 122304K, reserved 1179648K
  class space    used 16414K, committed 16832K, reserved 1048576K
}
Event: 38.681 GC heap before
{Heap before GC invocations=48 (full 0):
 garbage-first heap   total 471040K, used 371120K [0x0000000080000000, 0x0000000100000000)
  region size 1024K, 233 young (238592K), 17 survivors (17408K)
 Metaspace       used 127916K, committed 128768K, reserved 1179648K
  class space    used 17234K, committed 17664K, reserved 1048576K
}
Event: 38.697 GC heap after
{Heap after GC invocations=49 (full 0):
 garbage-first heap   total 471040K, used 160211K [0x0000000080000000, 0x0000000100000000)
  region size 1024K, 21 young (21504K), 21 survivors (21504K)
 Metaspace       used 127916K, committed 128768K, reserved 1179648K
  class space    used 17234K, committed 17664K, reserved 1048576K
}

